OKX APIжћЎУ»»: Instrument ID does not exist.
­Ъџђ т╝ђтДІТћХжЏєтљѕу║дТи▒т║дТЋ░ТЇ«
­ЪЊІ С║цТўЊт»╣: 20 СИф
­ЪЈб С║цТўЊТЅђ: 8 СИф
================================================================================

­Ъњ░ ТћХжЏє BTCUSDT (1/20):
  РюЁ Binance: $112237.0500, С╗ити« 0.000%
  РюЁ Gate: $112231.6500, С╗ити« 0.000%
  РюЁ OKX: $112278.1500, С╗ити« 0.000%
  РюЁ BingX: $112244.5500, С╗ити« 0.003%
  РюЁ Bitunix: $112220.7500, С╗ити« 0.000%
  РюЁ Bybit: $112207.4500, С╗ити« 0.000%
  РюЁ MEXC: $112220.7500, С╗ити« 0.000%
  РюЁ WEEX: $112220.9500, С╗ити« 0.000%
  ­ЪЊі С╗иТа╝УїЃтЏ┤: $112207.4500 - $112278.1500 (ти«т╝ѓ: 0.06%)

­Ъњ░ ТћХжЏє ETHUSDT (2/20):
  РюЁ Binance: $4322.1150, С╗ити« 0.000%
  РюЁ Gate: $4322.4250, С╗ити« 0.001%
  РюЁ OKX: $4324.3250, С╗ити« 0.000%
  РюЁ BingX: $4322.5450, С╗ити« 0.014%
  РюЁ Bitunix: $4322.1150, С╗ити« 0.000%
  РюЁ Bybit: $4321.9550, С╗ити« 0.000%
  РюЁ MEXC: $4322.0150, С╗ити« 0.000%
  РюЁ WEEX: $4321.9950, С╗ити« 0.000%
  ­ЪЊі С╗иТа╝УїЃтЏ┤: $4321.9550 - $4324.3250 (ти«т╝ѓ: 0.05%)

­Ъњ░ ТћХжЏє BNBUSDT (3/20):
  РюЁ Binance: $879.6050, С╗ити« 0.001%
  РюЁ Gate: $878.6750, С╗ити« 0.006%
  РюЁ OKX: $879.1500, С╗ити« 0.011%
  РюЁ BingX: $879.0950, С╗ити« 0.017%
  РюЁ Bitunix: $879.6050, С╗ити« 0.001%
  РюЁ Bybit: $878.6500, С╗ити« 0.011%
  РюЁ MEXC: $879.7150, С╗ити« 0.001%
  РюЁ WEEX: $879.6000, С╗ити« 0.002%
  ­ЪЊі С╗иТа╝УїЃтЏ┤: $878.6500 - $879.7150 (ти«т╝ѓ: 0.12%)

­Ъњ░ ТћХжЏє XRPUSDT (4/20):
  РюЁ Binance: $2.9726, С╗ити« 0.003%
  РюЁ Gate: $2.9724, С╗ити« 0.003%
  РюЁ OKX: $2.9733, С╗ити« 0.003%
  РюЁ BingX: $2.9732, С╗ити« 0.040%
  РюЁ Bitunix: $2.9726, С╗ити« 0.003%
  РюЁ Bybit: $2.9729, С╗ити« 0.003%
  РюЁ MEXC: $2.9726, С╗ити« 0.003%
  РюЁ WEEX: $2.9725, С╗ити« 0.003%
  ­ЪЊі С╗иТа╝УїЃтЏ┤: $2.9724 - $2.9733 (ти«т╝ѓ: 0.03%)

­Ъњ░ ТћХжЏє SOLUSDT (5/20):
  РюЁ Binance: $215.5250, С╗ити« 0.005%
  РюЁ Gate: $215.4650, С╗ити« 0.005%
  РюЁ OKX: $215.6150, С╗ити« 0.005%
  РюЁ BingX: $215.5245, С╗ити« 0.016%
  РюЁ Bitunix: $215.5451, С╗ити« 0.000%
  РюЁ Bybit: $215.4950, С╗ити« 0.005%
  РюЁ MEXC: $215.5450, С╗ити« 0.005%
  РюЁ WEEX: $215.5450, С╗ити« 0.005%
  ­ЪЊі С╗иТа╝УїЃтЏ┤: $215.4650 - $215.6150 (ти«т╝ѓ: 0.07%)

­Ъњ░ ТћХжЏє ADAUSDT (6/20):
  РюЁ Binance: $0.8627, С╗ити« 0.012%
  РюЁ Gate: $0.8623, С╗ити« 0.012%
  РюЁ OKX: $0.8628, С╗ити« 0.012%
  РюЁ BingX: $0.8630, С╗ити« 0.112%
  РюЁ Bitunix: $0.8627, С╗ити« 0.012%
  РюЁ Bybit: $0.8625, С╗ити« 0.012%
  РюЁ MEXC: $0.8627, С╗ити« 0.012%
  РюЁ WEEX: $0.8626, С╗ити« 0.012%
  ­ЪЊі С╗иТа╝УїЃтЏ┤: $0.8623 - $0.8630 (ти«т╝ѓ: 0.07%)

­Ъњ░ ТћХжЏє DOGEUSDT (7/20):
  РюЁ Binance: $0.2383, С╗ити« 0.004%
  РюЁ Gate: $0.2383, С╗ити« 0.004%
  РюЁ OKX: $0.2383, С╗ити« 0.004%
  РюЁ BingX: $0.2383, С╗ити« 0.050%
  РюЁ Bitunix: $0.2383, С╗ити« 0.004%
  РюЁ Bybit: $0.2383, С╗ити« 0.004%
  РюЁ MEXC: $0.2383, С╗ити« 0.004%
  РюЁ WEEX: $0.2383, С╗ити« 0.004%
  ­ЪЊі С╗иТа╝УїЃтЏ┤: $0.2383 - $0.2383 (ти«т╝ѓ: 0.03%)

­Ъњ░ ТћХжЏє AVAXUSDT (8/20):
  РюЁ Binance: $25.6235, С╗ити« 0.004%
  РюЁ Gate: $25.6250, С╗ити« 0.039%
  РюЁ OKX: $25.6260, С╗ити« 0.008%
  РюЁ BingX: $25.6335, С╗ити« 0.082%
  РюЁ Bitunix: $25.6165, С╗ити« 0.004%
  РюЁ Bybit: $25.6175, С╗ити« 0.004%
  РюЁ MEXC: $25.6175, С╗ити« 0.004%
  РюЁ WEEX: $25.6135, С╗ити« 0.004%
  ­ЪЊі С╗иТа╝УїЃтЏ┤: $25.6135 - $25.6335 (ти«т╝ѓ: 0.08%)

­Ъњ░ ТћХжЏє DOTUSDT (9/20):
  РюЁ Binance: $4.0455, С╗ити« 0.025%
  РюЁ Gate: $4.0450, С╗ити« 0.049%
  РюЁ OKX: $4.0465, С╗ити« 0.025%
  РюЁ BingX: $4.0510, С╗ити« 0.296%
  РюЁ Bitunix: $4.0455, С╗ити« 0.025%
  РюЁ Bybit: $4.0457, С╗ити« 0.002%
  РюЁ MEXC: $4.0455, С╗ити« 0.025%
  РюЁ WEEX: $4.0435, С╗ити« 0.025%
  ­ЪЊі С╗иТа╝УїЃтЏ┤: $4.0435 - $4.0510 (ти«т╝ѓ: 0.19%)

­Ъњ░ ТћХжЏє LINKUSDT (10/20):
  РюЁ Binance: $23.0285, С╗ити« 0.004%
  РюЁ Gate: $23.0205, С╗ити« 0.004%
  РюЁ OKX: $23.0290, С╗ити« 0.009%
  РюЁ BingX: $23.0370, С╗ити« 0.052%
  РюЁ Bitunix: $23.0205, С╗ити« 0.004%
  РюЁ Bybit: $23.0165, С╗ити« 0.004%
  РюЁ MEXC: $23.0265, С╗ити« 0.004%
  РюЁ WEEX: $23.0225, С╗ити« 0.004%
  ­ЪЊі С╗иТа╝УїЃтЏ┤: $23.0165 - $23.0370 (ти«т╝ѓ: 0.09%)

­Ъњ░ ТћХжЏє LTCUSDT (11/20):
  РюЁ Binance: $112.8350, С╗ити« 0.009%
  РюЁ Gate: $112.8450, С╗ити« 0.009%
  РюЁ OKX: $112.9250, С╗ити« 0.009%
  РюЁ BingX: $112.9100, С╗ити« 0.106%
  РюЁ Bitunix: $112.8350, С╗ити« 0.009%
  РюЁ Bybit: $112.8350, С╗ити« 0.009%
  РюЁ MEXC: $112.8500, С╗ити« 0.035%
  РюЁ WEEX: $112.8100, С╗ити« 0.018%
  ­ЪЊі С╗иТа╝УїЃтЏ┤: $112.8100 - $112.9250 (ти«т╝ѓ: 0.10%)

­Ъњ░ ТћХжЏє BCHUSDT (12/20):
  РюЁ Binance: $585.8450, С╗ити« 0.002%
  РюЁ Gate: $585.9050, С╗ити« 0.019%
  РюЁ OKX: $586.2500, С╗ити« 0.017%
  РюЁ BingX: $586.0200, С╗ити« 0.027%
  РюЁ Bitunix: $585.8450, С╗ити« 0.009%
  РюЁ Bybit: $585.8500, С╗ити« 0.017%
  РюЁ MEXC: $585.8700, С╗ити« 0.010%
  РюЁ WEEX: $585.8400, С╗ити« 0.003%
  ­ЪЊі С╗иТа╝УїЃтЏ┤: $585.8400 - $586.2500 (ти«т╝ѓ: 0.07%)

­Ъњ░ ТћХжЏє UNIUSDT (13/20):
  РюЁ Binance: $9.6285, С╗ити« 0.010%
  РюЁ Gate: $9.6285, С╗ити« 0.010%
  РюЁ OKX: $9.6325, С╗ити« 0.010%
  РюЁ BingX: $9.6320, С╗ити« 0.125%
  РюЁ Bitunix: $9.6285, С╗ити« 0.010%
  РюЁ Bybit: $9.6245, С╗ити« 0.010%
  РюЁ MEXC: $9.6285, С╗ити« 0.010%
  РюЁ WEEX: $9.6295, С╗ити« 0.010%
  ­ЪЊі С╗иТа╝УїЃтЏ┤: $9.6245 - $9.6325 (ти«т╝ѓ: 0.08%)

­Ъњ░ ТћХжЏє ATOMUSDT (14/20):
  РюЁ Binance: $4.5705, С╗ити« 0.022%
  РюЁ Gate: $4.5685, С╗ити« 0.022%
  РюЁ OKX: $4.5725, С╗ити« 0.022%
  РюЁ BingX: $4.5750, С╗ити« 0.262%
  РюЁ Bitunix: $4.5715, С╗ити« 0.022%
  РюЁ Bybit: $4.5705, С╗ити« 0.022%
  РюЁ MEXC: $4.5715, С╗ити« 0.022%
  РюЁ WEEX: $4.5695, С╗ити« 0.022%
  ­ЪЊі С╗иТа╝УїЃтЏ┤: $4.5685 - $4.5750 (ти«т╝ѓ: 0.14%)

­Ъњ░ ТћХжЏє POLUSDT (15/20):
  РюЁ Binance: $0.2777, С╗ити« 0.004%
  РюЁ Gate: $0.2776, С╗ити« 0.072%
  РюЁ OKX: $0.2777, С╗ити« 0.036%
  РюЁ BingX: $0.2779, С╗ити« 0.162%
  РюЁ Bitunix: $0.2776, С╗ити« 0.004%
  РюЁ Bybit: $0.2777, С╗ити« 0.072%
  РюЁ MEXC: $0.2777, С╗ити« 0.004%
  РюЁ WEEX: $0.2776, С╗ити« 0.007%
  ­ЪЊі С╗иТа╝УїЃтЏ┤: $0.2776 - $0.2779 (ти«т╝ѓ: 0.10%)

­Ъњ░ ТћХжЏє FILUSDT (16/20):
  РюЁ Binance: $2.4455, С╗ити« 0.041%
  РюЁ Gate: $2.4445, С╗ити« 0.041%
  РюЁ OKX: $2.4465, С╗ити« 0.041%
  РюЁ BingX: $2.4515, С╗ити« 0.449%
  РюЁ Bitunix: $2.4465, С╗ити« 0.041%
  РюЁ Bybit: $2.4465, С╗ити« 0.041%
  РЮї MEXC: ТЌаТи▒т║дТЋ░ТЇ«
  РюЁ WEEX: $2.4465, С╗ити« 0.041%
  ­ЪЊі С╗иТа╝УїЃтЏ┤: $2.4445 - $2.4515 (ти«т╝ѓ: 0.29%)

­Ъњ░ ТћХжЏє TRXUSDT (17/20):
  РюЁ Binance: $0.3328, С╗ити« 0.003%
  РюЁ Gate: $0.3328, С╗ити« 0.015%
  РюЁ OKX: $0.3330, С╗ити« 0.003%
  РюЁ BingX: $0.3329, С╗ити« 0.036%
  РюЁ Bitunix: $0.3328, С╗ити« 0.003%
  РюЁ Bybit: $0.3328, С╗ити« 0.003%
  РюЁ MEXC: $0.3328, С╗ити« 0.003%
  РюЁ WEEX: $0.3328, С╗ити« 0.003%
  ­ЪЊі С╗иТа╝УїЃтЏ┤: $0.3328 - $0.3330 (ти«т╝ѓ: 0.08%)

­Ъњ░ ТћХжЏє ETCUSDT (18/20):
  РюЁ Binance: $20.8535, С╗ити« 0.005%
  РюЁ Gate: $20.8465, С╗ити« 0.014%
  РюЁ OKX: $20.8550, С╗ити« 0.048%
  РюЁ BingX: $20.8535, С╗ити« 0.072%
  РюЁ Bitunix: $20.8515, С╗ити« 0.005%
  РюЁ Bybit: $20.8495, С╗ити« 0.005%
  РюЁ MEXC: $20.8475, С╗ити« 0.005%
  РюЁ WEEX: $20.8450, С╗ити« 0.010%
  ­ЪЊі С╗иТа╝УїЃтЏ┤: $20.8450 - $20.8550 (ти«т╝ѓ: 0.05%)

­Ъњ░ ТћХжЏє XLMUSDT (19/20):
  РюЁ Binance: $0.3769, С╗ити« 0.003%
  РюЁ Gate: $0.3769, С╗ити« 0.021%
  РюЁ OKX: $0.3771, С╗ити« 0.003%
  РюЁ BingX: $0.3770, С╗ити« 0.032%
  РюЁ Bitunix: $0.3769, С╗ити« 0.003%
  РюЁ Bybit: $0.3769, С╗ити« 0.003%
  РюЁ MEXC: $0.3770, С╗ити« 0.003%
  РюЁ WEEX: $0.3770, С╗ити« 0.005%
  ­ЪЊі С╗иТа╝УїЃтЏ┤: $0.3769 - $0.3771 (ти«т╝ѓ: 0.05%)

­Ъњ░ ТћХжЏє VETUSDT (20/20):
  РюЁ Binance: $0.0244, С╗ити« 0.004%
  РюЁ Gate: $0.0244, С╗ити« 0.041%
  РЮї OKX: ТЌаТи▒т║дТЋ░ТЇ«
  РюЁ BingX: $0.0244, С╗ити« 0.049%
  РюЁ Bitunix: $0.0244, С╗ити« 0.037%
  РюЁ Bybit: $0.0244, С╗ити« 0.041%
  РюЁ MEXC: $0.0244, С╗ити« 0.041%
  РюЁ WEEX: $0.0244, С╗ити« 0.008%
  ­ЪЊі С╗иТа╝УїЃтЏ┤: $0.0244 - $0.0244 (ти«т╝ѓ: 0.06%)

================================================================================
РюЁ тљѕу║дТЋ░ТЇ«ТћХжЏєт«їТѕљ! Тђ╗тЁ▒ 158 ТЮАУ«░тйЋ
­ЪЊѕ Тђ╗СйЊТѕљтіЪујЄ: 98.8% (158/160)

­ЪЈб С║цТўЊТЅђУАеуј░:
  Binance: 100.0% (20/20)
  Gate: 100.0% (20/20)
  OKX: 95.0% (19/20)
  BingX: 100.0% (20/20)
  Bitunix: 100.0% (20/20)
  Bybit: 100.0% (20/20)
  MEXC: 95.0% (19/20)
  WEEX: 100.0% (20/20)

­ЪњЙ ТЋ░ТЇ«ти▓С┐ЮтГў:
  ­ЪЊё JSON: data/contract_depth_20250909_015217.json
  ­ЪЊі CSV: data/contract_depth_20250909_015217.csv
  ­ЪЊѕ ТіЦтЉі: тљѕу║дТи▒т║дТЋ░ТЇ«ТіЦтЉі_20250909.md
