[2025-09-11 11:10:18] ============================================================
[2025-09-11 11:10:18] 🚀 WEEX第一档买卖深度数据收集器启动
[2025-09-11 11:10:18] 🎯 专门收集所有代币的第一档买卖价格和数量
[2025-09-11 11:10:18] ============================================================
[2025-09-11 11:10:18] 
📊 第一步: 获取WEEX交易对列表
[2025-09-11 11:10:18] 🔍 正在获取WEEX交易对列表...
[2025-09-11 11:10:19] ✅ 成功获取 662 个WEEX交易对
[2025-09-11 11:10:19] 
📊 第二步: 收集 662 个交易对的第一档深度数据
[2025-09-11 11:10:19] 🚀 开始收集 662 个交易对的第一档深度数据
[2025-09-11 11:10:19] 📦 处理批次 1/14 (50 个交易对)
[2025-09-11 11:10:26] 📊 当前进度: 50/50 (100.0%)
[2025-09-11 11:10:26] 📦 处理批次 2/14 (50 个交易对)
[2025-09-11 11:10:32] 📊 当前进度: 100/100 (100.0%)
[2025-09-11 11:10:32] 📦 处理批次 3/14 (50 个交易对)
[2025-09-11 11:10:38] 📊 当前进度: 150/150 (100.0%)
[2025-09-11 11:10:38] 📦 处理批次 4/14 (50 个交易对)
[2025-09-11 11:10:45] 📊 当前进度: 200/200 (100.0%)
[2025-09-11 11:10:45] 📦 处理批次 5/14 (50 个交易对)
[2025-09-11 11:10:52] 📊 当前进度: 250/250 (100.0%)
[2025-09-11 11:10:52] 📦 处理批次 6/14 (50 个交易对)
[2025-09-11 11:11:01] 📊 当前进度: 300/300 (100.0%)
[2025-09-11 11:11:01] 📦 处理批次 7/14 (50 个交易对)
[2025-09-11 11:11:09] 📊 当前进度: 350/350 (100.0%)
[2025-09-11 11:11:09] 📦 处理批次 8/14 (50 个交易对)
[2025-09-11 11:11:15] 📊 当前进度: 400/400 (100.0%)
[2025-09-11 11:11:15] 📦 处理批次 9/14 (50 个交易对)
[2025-09-11 11:11:21] 📊 当前进度: 450/450 (100.0%)
[2025-09-11 11:11:21] 📦 处理批次 10/14 (50 个交易对)
[2025-09-11 11:11:28] 📊 当前进度: 500/500 (100.0%)
[2025-09-11 11:11:28] 📦 处理批次 11/14 (50 个交易对)
[2025-09-11 11:11:35] 📊 当前进度: 550/550 (100.0%)
[2025-09-11 11:11:35] 📦 处理批次 12/14 (50 个交易对)
[2025-09-11 11:11:41] 📊 当前进度: 600/600 (100.0%)
[2025-09-11 11:11:41] 📦 处理批次 13/14 (50 个交易对)
[2025-09-11 11:11:48] 📊 当前进度: 650/650 (100.0%)
[2025-09-11 11:11:48] 📦 处理批次 14/14 (12 个交易对)
[2025-09-11 11:11:49] 📊 当前进度: 662/662 (100.0%)
[2025-09-11 11:11:49] 
📊 第三步: 保存数据到JSON文件
[2025-09-11 11:11:49] ✅ JSON文件保存成功: data/weex_first_level_data_20250911_111018.json
[2025-09-11 11:11:49] 📂 文件位置: /Users/zhaoleon/Downloads/铺单量/weex_first_level_data/data/weex_first_level_data_20250911_111018.json
[2025-09-11 11:11:49] 
============================================================
[2025-09-11 11:11:49] 🎉 WEEX第一档深度数据收集完成!
[2025-09-11 11:11:49] 📊 JSON文件: data/weex_first_level_data_20250911_111018.json
[2025-09-11 11:11:49] 📈 数据统计:
[2025-09-11 11:11:49]    - 成功收集: 662 个交易对
[2025-09-11 11:11:49]    - 失败: 0 个交易对
[2025-09-11 11:11:49]    - 成功率: 100.0%
[2025-09-11 11:11:49] ============================================================
